
Showing logs for build [32mfuxsig-environment-meins-stagin-pfl2n-1[0m stage [32mfrom-build-pack[0m and container [32mcredential-initializer[0m
{"level":"info","ts":1596292623.4884875,"caller":"creds-init/main.go:44","msg":"Credentials initialized."}

Showing logs for build [32mfuxsig-environment-meins-stagin-pfl2n-1[0m stage [32mfrom-build-pack[0m and container [32mworking-dir-initializer[0m

Showing logs for build [32mfuxsig-environment-meins-stagin-pfl2n-1[0m stage [32mfrom-build-pack[0m and container [32mplace-tools[0m

Showing logs for build [32mfuxsig-environment-meins-stagin-pfl2n-1[0m stage [32mfrom-build-pack[0m and container [32mstep-git-source-fuxsig-environment-meins-stagin-pfl2n-dbzks[0m
{"level":"info","ts":1596292651.9114206,"caller":"git/git.go:105","msg":"Successfully cloned https://github.com/******/environment-meins-staging.git @ master in path /workspace/source"}
{"level":"warn","ts":1596292651.9115398,"caller":"git/git.go:152","msg":"Unexpected error: creating symlink: symlink /tekton/home/.ssh /root/.ssh: file exists"}
{"level":"info","ts":1596292651.9617598,"caller":"git/git.go:133","msg":"Successfully initialized and updated submodules in path /workspace/source"}

Showing logs for build [32mfuxsig-environment-meins-stagin-pfl2n-1[0m stage [32mfrom-build-pack[0m and container [32mstep-setup-builder-home[0m

Showing logs for build [32mfuxsig-environment-meins-stagin-pfl2n-1[0m stage [32mfrom-build-pack[0m and container [32mstep-git-merge[0m
Using SHAs from PULL_REFS=master:64f08b0bdda3b830d2a747c5feae334ac09b099d,2:4f0b325665081a23185af66818afc1da02dede1a
DEBUG: LC_ALL=C JX_LOG_LEVEL=error git fetch origin --unshallow 4f0b325665081a23185af66818afc1da02dede1a: 64f08b0bdda3b830d2a747c5feae334ac09b099d:
DEBUG: ran git fetch --unshallow origin 4f0b325665081a23185af66818afc1da02dede1a: 64f08b0bdda3b830d2a747c5feae334ac09b099d: in 
DEBUG: JX_LOG_LEVEL=error LC_ALL=C git branch
DEBUG: JX_LOG_LEVEL=error LC_ALL=C git checkout master
DEBUG: ran git checkout master in 
DEBUG: LC_ALL=C JX_LOG_LEVEL=error git reset --hard 64f08b0bdda3b830d2a747c5feae334ac09b099d
DEBUG: ran git reset --hard 64f08b0bdda3b830d2a747c5feae334ac09b099d in 
DEBUG: LC_ALL=C JX_LOG_LEVEL=error git clean -fd .
DEBUG: ran clean --force -d . in 
DEBUG: LC_ALL=C JX_LOG_LEVEL=error git merge 4f0b325665081a23185af66818afc1da02dede1a
DEBUG: ran git merge 4f0b325665081a23185af66818afc1da02dede1a in 
DEBUG: LC_ALL=C JX_LOG_LEVEL=error git log --format=%H%x1f%an%x1f%ae%x1f%cn%x1f%ce%x1f%s%n%b%x1e 64f08b0bdda3b830d2a747c5feae334ac09b099d..HEAD
Merged SHA 4f0b325665081a23185af66818afc1da02dede1a with commit message 'chore: Promote express-hello to version 0.0.1' into base branch master

Showing logs for build [32mfuxsig-environment-meins-stagin-pfl2n-1[0m stage [32mfrom-build-pack[0m and container [32mstep-build-helm-build[0m
WARNING: No $CHART_REPOSITORY defined so using the default value of: http://jenkins-x-chartmuseum:8080
Adding missing Helm repo: storage.googleapis.com https://storage.googleapis.com/chartmuseum.jenkins-x.io
Successfully added Helm repository storage.googleapis.com.
Adding missing Helm repo: jenkins-x-chartmuseum http://jenkins-x-chartmuseum:8080
Successfully added Helm repository jenkins-x-chartmuseum.
WARNING: No $CHART_REPOSITORY defined so using the default value of: http://jenkins-x-chartmuseum:8080
Adding missing Helm repo: chartmuseum.jenkins-x.io http://chartmuseum.jenkins-x.io
Successfully added Helm repository chartmuseum.jenkins-x.io.
