
Showing logs for build [32mfuxsig-environment-meins-stagin-s878d-1[0m stage [32mfrom-build-pack[0m and container [32mcredential-initializer[0m
{"level":"info","ts":1596291367.6308732,"caller":"creds-init/main.go:44","msg":"Credentials initialized."}

Showing logs for build [32mfuxsig-environment-meins-stagin-s878d-1[0m stage [32mfrom-build-pack[0m and container [32mworking-dir-initializer[0m

Showing logs for build [32mfuxsig-environment-meins-stagin-s878d-1[0m stage [32mfrom-build-pack[0m and container [32mplace-tools[0m

Showing logs for build [32mfuxsig-environment-meins-stagin-s878d-1[0m stage [32mfrom-build-pack[0m and container [32mstep-git-source-fuxsig-environment-meins-stagin-s878d-bhgdw[0m
{"level":"info","ts":1596291372.5114424,"caller":"git/git.go:105","msg":"Successfully cloned https://github.com/******/environment-meins-staging.git @ master in path /workspace/source"}
{"level":"warn","ts":1596291372.511553,"caller":"git/git.go:152","msg":"Unexpected error: creating symlink: symlink /tekton/home/.ssh /root/.ssh: file exists"}
{"level":"info","ts":1596291372.549977,"caller":"git/git.go:133","msg":"Successfully initialized and updated submodules in path /workspace/source"}

Showing logs for build [32mfuxsig-environment-meins-stagin-s878d-1[0m stage [32mfrom-build-pack[0m and container [32mstep-setup-builder-home[0m

Showing logs for build [32mfuxsig-environment-meins-stagin-s878d-1[0m stage [32mfrom-build-pack[0m and container [32mstep-git-merge[0m
Using SHAs from PULL_REFS=master:397bdc5c29d4282f4136d6b268d0c7af0cfce048,1:58a04de0bb587eaad8a44c03beb3ab92c14090f5
DEBUG: LC_ALL=C JX_LOG_LEVEL=error git fetch origin --unshallow 58a04de0bb587eaad8a44c03beb3ab92c14090f5: 397bdc5c29d4282f4136d6b268d0c7af0cfce048:
DEBUG: ran git fetch --unshallow origin 58a04de0bb587eaad8a44c03beb3ab92c14090f5: 397bdc5c29d4282f4136d6b268d0c7af0cfce048: in 
DEBUG: LC_ALL=C JX_LOG_LEVEL=error git branch
DEBUG: LC_ALL=C JX_LOG_LEVEL=error git checkout master
DEBUG: ran git checkout master in 
DEBUG: LC_ALL=C JX_LOG_LEVEL=error git reset --hard 397bdc5c29d4282f4136d6b268d0c7af0cfce048
DEBUG: ran git reset --hard 397bdc5c29d4282f4136d6b268d0c7af0cfce048 in 
DEBUG: LC_ALL=C JX_LOG_LEVEL=error git clean -fd .
DEBUG: ran clean --force -d . in 
DEBUG: LC_ALL=C JX_LOG_LEVEL=error git merge 58a04de0bb587eaad8a44c03beb3ab92c14090f5
DEBUG: ran git merge 58a04de0bb587eaad8a44c03beb3ab92c14090f5 in 
DEBUG: LC_ALL=C JX_LOG_LEVEL=error git log --format=%H%x1f%an%x1f%ae%x1f%cn%x1f%ce%x1f%s%n%b%x1e 397bdc5c29d4282f4136d6b268d0c7af0cfce048..HEAD
Merged SHA 58a04de0bb587eaad8a44c03beb3ab92c14090f5 with commit message 'chore: Promote firstit to version 0.0.1' into base branch master

Showing logs for build [32mfuxsig-environment-meins-stagin-s878d-1[0m stage [32mfrom-build-pack[0m and container [32mstep-build-helm-build[0m
WARNING: No $CHART_REPOSITORY defined so using the default value of: http://jenkins-x-chartmuseum:8080
Adding missing Helm repo: storage.googleapis.com https://storage.googleapis.com/chartmuseum.jenkins-x.io
Successfully added Helm repository storage.googleapis.com.
Adding missing Helm repo: jenkins-x-chartmuseum http://jenkins-x-chartmuseum:8080
Successfully added Helm repository jenkins-x-chartmuseum.
WARNING: No $CHART_REPOSITORY defined so using the default value of: http://jenkins-x-chartmuseum:8080
Adding missing Helm repo: chartmuseum.jenkins-x.io http://chartmuseum.jenkins-x.io
Successfully added Helm repository chartmuseum.jenkins-x.io.
